Active-HDL 13.0.376.8320 2022-11-24 23:26:38

Elaboration top modules:
Architecture                  behavior(Data_Forwading_Unit)


--------------------------------------------------------------------------------------------------------------
Entity              | Architecture | Library         | Info | Compiler Version          | Compilation Options
--------------------------------------------------------------------------------------------------------------
Data_Forwading_Unit | behavior     | Data_Forwarding |      | 13.0.376.8320 (Windows64) | -O3
--------------------------------------------------------------------------------------------------------------

--------------------------------------------------------------------------------------------------------------
VHDL Package                       | Library         | Info | Compiler Version          | Compilation Options
--------------------------------------------------------------------------------------------------------------
standard                           | std             |      |                           | <unavailable>
TEXTIO                             | std             |      | 13.0.376.8320 (Windows64) |  -2019
std_logic_1164                     | ieee            |      | 13.0.376.8320 (Windows64) |  -2008
--------------------------------------------------------------------------------------------------------------

--------------------------------------------------------------------------------------------------------------
Library                            | Comment
--------------------------------------------------------------------------------------------------------------
Data_Forwarding                    | None
ieee                               | Standard IEEE packages library
std                                | Standard VHDL library
--------------------------------------------------------------------------------------------------------------
