# ELBREAD: Elaboration process.
# ELBREAD: Elaboration time 0.0 [s].
acom -O3 -e 100 -work register_file -2002  $dsn/src/register_file.vhd $dsn/src/ALU.vhd $dsn/src/complete.vhd $dsn/src/alu_tb.vhd $dsn/src/instruction_buffer_tb.vhd $dsn/src/4_multi_media_alu_tb.vhd
# Warning: DAGGEN_0523: The source is compiled without the -dbg switch. Line breakpoints and assertion debug will not be available.
# File: C:/Users/vleen/Documents/GitHub/4_stage_multi/src/register_file.vhd
# Compile Entity "register_file"
# Compile Architecture "behaviorhal" of Entity "register_file"
# File: C:/Users/vleen/Documents/GitHub/4_stage_multi/src/ALU.vhd
# Compile Entity "ALU"
# Compile Architecture "ALU_Behavior" of Entity "ALU"
# File: C:/Users/vleen/Documents/GitHub/4_stage_multi/src/complete.vhd
# Compile Package "instr_pack"
# Compile Package "regfile_pack"
# Compile Entity "instruction_buffer"
# Compile Architecture "behaviorhal" of Entity "instruction_buffer"
# Compile Entity "IF_ID"
# Compile Architecture "behavioral" of Entity "IF_ID"
# Compile Entity "register_file"
# Compile Architecture "behaviorhal" of Entity "register_file"
# Warning: COMP96_0994: complete.vhd : (171, 1): Multiple architecture "behaviorhal" of entity "register_file" found in "C:/Users/vleen/Documents/GitHub/4_stage_multi/src/complete.vhd", "C:/Users/vleen/Documents/GitHub/4_stage_multi/src/register_file.vhd".
# Compile Entity "IF_EX"
# Compile Architecture "behavioral" of Entity "IF_EX"
# Compile Entity "ALU"
# Compile Architecture "ALU_Behavior" of Entity "ALU"
# Warning: COMP96_0994: complete.vhd : (346, 1): Multiple architecture "ALU_Behavior" of entity "ALU" found in "C:/Users/vleen/Documents/GitHub/4_stage_multi/src/complete.vhd", "C:/Users/vleen/Documents/GitHub/4_stage_multi/src/ALU.vhd".
# Compile Entity "alu_model"
# Compile Architecture "behavior" of Entity "alu_model"
# File: C:/Users/vleen/Documents/GitHub/4_stage_multi/src/alu_tb.vhd
# Compile Entity "alu_tb"
# Compile Architecture "tb" of Entity "alu_tb"
# File: C:/Users/vleen/Documents/GitHub/4_stage_multi/src/instruction_buffer_tb.vhd
# Compile Entity "instruction_buffer_tb"
# Compile Architecture "tb" of Entity "instruction_buffer_tb"
# Error: COMP96_0015: instruction_buffer_tb.vhd : (38, 20): ':' expected.
# Error: COMP96_0018: instruction_buffer_tb.vhd : (38, 29): Identifier expected.
# File: C:/Users/vleen/Documents/GitHub/4_stage_multi/src/4_multi_media_alu_tb.vhd
# Compile Entity "four_multi_media_alu_tb"
# Compile Architecture "tb" of Entity "four_multi_media_alu_tb"
# Compile failure 2 Errors 2 Warnings  Analysis time :  0.3 [s]
acom -O3 -e 100 -work register_file -2002  $dsn/src/register_file.vhd $dsn/src/ALU.vhd $dsn/src/complete.vhd $dsn/src/alu_tb.vhd $dsn/src/instruction_buffer_tb.vhd $dsn/src/4_multi_media_alu_tb.vhd
# Warning: DAGGEN_0523: The source is compiled without the -dbg switch. Line breakpoints and assertion debug will not be available.
# File: C:/Users/vleen/Documents/GitHub/4_stage_multi/src/register_file.vhd
# Compile Entity "register_file"
# Compile Architecture "behaviorhal" of Entity "register_file"
# File: C:/Users/vleen/Documents/GitHub/4_stage_multi/src/ALU.vhd
# Compile Entity "ALU"
# Compile Architecture "ALU_Behavior" of Entity "ALU"
# File: C:/Users/vleen/Documents/GitHub/4_stage_multi/src/complete.vhd
# Compile Package "instr_pack"
# Compile Package "regfile_pack"
# Compile Entity "instruction_buffer"
# Compile Architecture "behaviorhal" of Entity "instruction_buffer"
# Compile Entity "IF_ID"
# Compile Architecture "behavioral" of Entity "IF_ID"
# Compile Entity "register_file"
# Compile Architecture "behaviorhal" of Entity "register_file"
# Warning: COMP96_0994: complete.vhd : (171, 1): Multiple architecture "behaviorhal" of entity "register_file" found in "C:/Users/vleen/Documents/GitHub/4_stage_multi/src/complete.vhd", "C:/Users/vleen/Documents/GitHub/4_stage_multi/src/register_file.vhd".
# Compile Entity "IF_EX"
# Compile Architecture "behavioral" of Entity "IF_EX"
# Compile Entity "ALU"
# Compile Architecture "ALU_Behavior" of Entity "ALU"
# Warning: COMP96_0994: complete.vhd : (346, 1): Multiple architecture "ALU_Behavior" of entity "ALU" found in "C:/Users/vleen/Documents/GitHub/4_stage_multi/src/complete.vhd", "C:/Users/vleen/Documents/GitHub/4_stage_multi/src/ALU.vhd".
# Compile Entity "alu_model"
# Compile Architecture "behavior" of Entity "alu_model"
# File: C:/Users/vleen/Documents/GitHub/4_stage_multi/src/alu_tb.vhd
# Compile Entity "alu_tb"
# Compile Architecture "tb" of Entity "alu_tb"
# File: C:/Users/vleen/Documents/GitHub/4_stage_multi/src/instruction_buffer_tb.vhd
# Compile Entity "instruction_buffer_tb"
# Compile Architecture "tb" of Entity "instruction_buffer_tb"
# Error: COMP96_0015: instruction_buffer_tb.vhd : (38, 20): ':' expected.
# Error: COMP96_0018: instruction_buffer_tb.vhd : (38, 29): Identifier expected.
# File: C:/Users/vleen/Documents/GitHub/4_stage_multi/src/4_multi_media_alu_tb.vhd
# Compile Entity "four_multi_media_alu_tb"
# Compile Architecture "tb" of Entity "four_multi_media_alu_tb"
# Compile failure 2 Errors 2 Warnings  Analysis time :  0.3 [s]
acom -O3 -e 100 -work register_file -2002  $dsn/src/instruction_buffer_tb.vhd
# Warning: DAGGEN_0523: The source is compiled without the -dbg switch. Line breakpoints and assertion debug will not be available.
# File: C:/Users/vleen/Documents/GitHub/4_stage_multi/src/instruction_buffer_tb.vhd
# Compile Entity "instruction_buffer_tb"
# Compile Architecture "tb" of Entity "instruction_buffer_tb"
# Compile success 0 Errors 0 Warnings  Analysis time :  78.0 [ms]
acom -O3 -e 100 -work register_file -2002  $dsn/src/register_file.vhd $dsn/src/ALU.vhd $dsn/src/complete.vhd $dsn/src/alu_tb.vhd $dsn/src/instruction_buffer_tb.vhd $dsn/src/4_multi_media_alu_tb.vhd
# Warning: DAGGEN_0523: The source is compiled without the -dbg switch. Line breakpoints and assertion debug will not be available.
# File: C:/Users/vleen/Documents/GitHub/4_stage_multi/src/register_file.vhd
# Compile Entity "register_file"
# Compile Architecture "behaviorhal" of Entity "register_file"
# File: C:/Users/vleen/Documents/GitHub/4_stage_multi/src/ALU.vhd
# Compile Entity "ALU"
# Compile Architecture "ALU_Behavior" of Entity "ALU"
# File: C:/Users/vleen/Documents/GitHub/4_stage_multi/src/complete.vhd
# Compile Package "instr_pack"
# Compile Package "regfile_pack"
# Compile Entity "instruction_buffer"
# Compile Architecture "behaviorhal" of Entity "instruction_buffer"
# Compile Entity "IF_ID"
# Compile Architecture "behavioral" of Entity "IF_ID"
# Compile Entity "register_file"
# Compile Architecture "behaviorhal" of Entity "register_file"
# Warning: COMP96_0994: complete.vhd : (171, 1): Multiple architecture "behaviorhal" of entity "register_file" found in "C:/Users/vleen/Documents/GitHub/4_stage_multi/src/complete.vhd", "C:/Users/vleen/Documents/GitHub/4_stage_multi/src/register_file.vhd".
# Compile Entity "IF_EX"
# Compile Architecture "behavioral" of Entity "IF_EX"
# Compile Entity "ALU"
# Compile Architecture "ALU_Behavior" of Entity "ALU"
# Warning: COMP96_0994: complete.vhd : (346, 1): Multiple architecture "ALU_Behavior" of entity "ALU" found in "C:/Users/vleen/Documents/GitHub/4_stage_multi/src/complete.vhd", "C:/Users/vleen/Documents/GitHub/4_stage_multi/src/ALU.vhd".
# Compile Entity "alu_model"
# Compile Architecture "behavior" of Entity "alu_model"
# File: C:/Users/vleen/Documents/GitHub/4_stage_multi/src/alu_tb.vhd
# Compile Entity "alu_tb"
# Compile Architecture "tb" of Entity "alu_tb"
# File: C:/Users/vleen/Documents/GitHub/4_stage_multi/src/instruction_buffer_tb.vhd
# Compile Entity "instruction_buffer_tb"
# Compile Architecture "tb" of Entity "instruction_buffer_tb"
# File: C:/Users/vleen/Documents/GitHub/4_stage_multi/src/4_multi_media_alu_tb.vhd
# Compile Entity "four_multi_media_alu_tb"
# Compile Architecture "tb" of Entity "four_multi_media_alu_tb"
# Compile success 0 Errors 2 Warnings  Analysis time :  0.3 [s]
acom -O3 -e 100 -work register_file -2002  $dsn/src/4_multi_media_alu_tb.vhd
# Warning: DAGGEN_0523: The source is compiled without the -dbg switch. Line breakpoints and assertion debug will not be available.
#