Active-HDL 13.0.376.8320 2022-10-27 01:54:13

Elaboration top modules:
Architecture                  tb(alu_tb)


-------------------------------------------------------------------------------------------
Entity   | Architecture | Library | Info | Compiler Version          | Compilation Options
-------------------------------------------------------------------------------------------
alu_tb   | tb           | ALU     |      | 13.0.376.8320 (Windows64) | -O3
ALU      | ALU_Behavior | ALU     |      | 13.0.376.8320 (Windows64) | -O3
-------------------------------------------------------------------------------------------

-------------------------------------------------------------------------------------------
VHDL Package            | Library | Info | Compiler Version          | Compilation Options
-------------------------------------------------------------------------------------------
standard                | std     |      |                           | <unavailable>
TEXTIO                  | std     |      | 13.0.376.8320 (Windows64) |  -2019
std_logic_1164          | ieee    |      | 13.0.376.8320 (Windows64) |  -2008
ENV                     | std     |      | 13.0.376.8320 (Windows64) |  -2019
NUMERIC_STD             | ieee    |      | 13.0.376.8320 (Windows64) |  -2008
-------------------------------------------------------------------------------------------

-------------------------------------------------------------------------------------------
Library                 | Comment
-------------------------------------------------------------------------------------------
ALU                     | None
ieee                    | Standard IEEE packages library
std                     | Standard VHDL library
-------------------------------------------------------------------------------------------
