# ELBREAD: Elaboration process.
# ELBREAD: Error: Architecture 'tb' of entity 'alu_tb' not found in library 'alu'.
# ELBREAD: Error: Elaboration process completed with errors.
# Design: Error: Elaboration failed
# Design: Design alu already active.
# Warning: DAGGEN_0523: The source is compiled without the -dbg switch. Line breakpoints and assertion debug will not be available.
# File: B:/Stony Brook/ESE345/4_stage_multi/ALU_Workspace/ALU/src/alu.vhd
# Compile Entity "ALU"
# Compile Architecture "ALU_Behavior" of Entity "ALU"
# File: B:/Stony Brook/ESE345/4_stage_multi/ALU_Workspace/ALU/src/alu_tb.vhd
# Compile Entity "alu_tb"
# Compile Architecture "tb" of Entity "alu_tb"
# Compile success 0 Errors 0 Warnings  Analysis time :  78.0 [ms]
# Design: Design alu already active.
# Design: Design alu already active.
# Warning: DAGGEN_0523: The source is compiled without the -dbg switch. Line breakpoints and assertion debug will not be available.
# File: B:/Stony Brook/ESE345/4_stage_multi/ALU_Workspace/ALU/src/alu.vhd
# Compile Entity "ALU"
# Compile Architecture "ALU_Behavior" of Entity "ALU"
# File: B:/Stony Brook/ESE345/4_stage_multi/ALU_Workspace/ALU/src/alu_tb.vhd
# Compile Entity "alu_tb"
# Compile Architecture "tb" of Entity "alu_tb"
# Compile success 0 Errors 0 Warnings  Analysis time :  62.0 [ms]
# Design: Design alu already active.
# ELBREAD: Elaboration process.
# ELBREAD: Elaboration time 0.0 [s].
asim -O5 +access +r +m+alu_tb alu_tb tb
# ELBREAD: Elaboration process.
# ELBREAD: Elaboration time 0.0 [s].
# VSIM: Stack memory: 32MB
# VSIM: Retval memory: 32MB
# 
# KERNEL: Main thread initiated.
# KERNEL: Kernel process initialization phase.
# ELAB2: Elaboration final pass...
# ELAB2: Create instances ...
# KERNEL: Time resolution set to 1ps.
# ELAB2: Create instances complete.
# SLP: Started
# SLP: Elaboration phase ...
# SLP: Elaboration phase ... skipped, nothing to simulate in SLP mode : 0.0 [s]
# SLP: Finished : 0.0 [s]
# ELAB2: Elaboration final pass complete - time: 0.0 [s].
# KERNEL: Warning: You are using the Active-HDL Student Edition. The performance of simulation is running at a reduced rate.
# KERNEL: Warning: Contact Aldec for available upgrade options - sales@aldec.com.
# KERNEL: Kernel process initialization done.
# Allocation: Simulator allocated 5618 kB (elbread=427 elab2=5051 kernel=139 sdf=0)
# KERNEL: ASDB file was created in location B:\Stony Brook\ESE345\4_stage_multi\ALU_Workspace\ALU\src\wave.asdb
#  5:42 PM, Sunday, October 30, 2022
#  Simulation has been initialized
run
# RUNTIME: Info: RUNTIME_0142 alu_tb.vhd (183): finish called.
# KERNEL: Time: 65 us,  Iteration: 0,  Instance: /alu_tb,  Process: line__19.
# KERNEL: stopped at time: 65 us
# VSIM: Simulation has finished. There are no more test vectors to simulate.
# VSIM: 5 object(s) traced.
# Waveform file 'untitled.awc' connected to 'B:/Stony Brook/ESE345/4_stage_multi/ALU_Workspace/ALU/src/wave.asdb'.
run
endsim
# VSIM: Simulation has finished.
asim -O5 +access +r +m+alu_tb alu_tb tb
# ELBREAD: Elaboration process.
# ELBREAD: Elaboration time 0.0 [s].
# VSIM: Stack memory: 32MB
# VSIM: Retval memory: 32MB
# 
# KERNEL: Main thread initiated.
# KERNEL: Kernel process initialization phase.
# ELAB2: Elaboration final pass...
# ELAB2: Create instances ...
# KERNEL: Time resolution set to 1ps.
# ELAB2: Create instances complete.
# SLP: Started
# SLP: Elaboration phase ...
# SLP: Elaboration phase ... skipped, nothing to simulate in SLP mode : 0.0 [s]
# SLP: Finished : 0.0 [s]
# ELAB2: Elaboration final pass complete - time: 0.0 [s].
# KERNEL: Warning: You are using the Active-HDL Student Edition. The performance of simulation is running at a reduced rate.
# KERNEL: Warning: Contact Aldec for available upgrade options - sales@aldec.com.
# KERNEL: Kernel process initialization done.
# Allocation: Simulator allocated 5618 kB (elbread=427 elab2=5051 kernel=139 sdf=0)
# KERNEL: ASDB file was created in location B:\Stony Brook\ESE345\4_stage_multi\ALU_Workspace\ALU\src\wave.asdb
#  5:42 PM, Sunday, October 30, 2022
#  Simulation has been initialized
# Waveform file 'untitled.awc' connected to 'B:/Stony Brook/ESE345/4_stage_multi/ALU_Workspace/ALU/src/wave.asdb'.
run
# RUNTIME: Info: RUNTIME_0142 alu_tb.vhd (183): finish called.
# KERNEL: Time: 65 us,  Iteration: 0,  Instance: /alu_tb,  Process: line__19.
# KERNEL: stopped at time: 65 us
# VSIM: Simulation has finished. There are no more test vectors to simulate.
endsim
# VSIM: Simulation has finished.
asim -O5 +access +r +m+alu_tb alu_tb tb
# ELBREAD: Elaboration process.
# ELBREAD: Elaboration time 0.0 [s].
# VSIM: Stack memory: 32MB
# VSIM: Retval memory: 32MB
# 
acom -O3 -e 100 -work ALU -2002  $dsn/src/alu.vhd $dsn/src/alu_tb.vhd
# Warning: DAGGEN_0523: The source is compiled without the -dbg switch. Line breakpoints and assertion debug will not be available.
# File: B:/Stony Brook/ESE345/4_stage_multi/ALU_Workspace/ALU/src/alu.vhd
# Compile Entity "ALU"
# Compile Architecture "ALU_Behavior" of Entity "ALU"
# File: B:/Stony Brook/ESE345/4_stage_multi/ALU_Workspace/ALU/src/alu_tb.vhd
# Compile Entity "alu_tb"
# Compile Architecture "tb" of Entity "alu_tb"
# Compile success 0 Errors 0 Warnings  Analysis time :  62.0 [ms]
# ELBREAD: Elaboration process.
# ELBREAD: Elaboration time 0.0 [s].
# KERNEL: Main thread initiated.
# KERNEL: Kernel process initialization phase.
# ELAB2: Elaboration final pass...
# ELAB2: Create instances ...
# KERNEL: Time resolution set to 1ps.
# ELAB2: Create instances complete.
# SLP: Started
# SLP: Elaboration phase ...
# SLP: Elaboration phase ... skipped, nothing to simulate in SLP mode : 0.0 [s]
# SLP: Finished : 0.0 [s]
# ELAB2: Elaboration final pass complete - time: 0.0 [s].
# KERNEL: Warning: You are using the Active-HDL Student Edition. The performance of simulation is running at a reduced rate.
# KERNEL: Warning: Contact Aldec for available upgrade options - sales@aldec.com.
# KERNEL: Kernel process initialization done.
# Allocation: Simulator allocated 5619 kB (elbread=427 elab2=5052 kernel=139 sdf=0)
# KERNEL: ASDB file was created in location B:\Stony Brook\ESE345\4_stage_multi\ALU_Workspace\ALU\src\wave.asdb
#  5:51 PM, Sunday, October 30, 2022
#  Simulation has been initialized
# Waveform file 'untitled.awc' connected to 'B:/Stony Brook/ESE345/4_stage_multi/ALU_Workspace/ALU/src/wave.asdb'.
run
# RUNTIME: Info: RUNTIME_0142 alu_tb.vhd (196): finish called.
# KERNEL: Time: 85 us,  Iteration: 0,  Instance: /alu_tb,  Process: line__19.
# KERNEL: stopped at time: 85 us
# VSIM: Simulation has finished. There are no more test vectors to simulate.
endsim
# VSIM: Simulation has finished.
asim -O5 +access +r +m+alu_tb alu_tb tb
# ELBREAD: Elaboration process.
# ELBREAD: Elaboration time 0.0 [s].
# VSIM: Stack memory: 32MB
# VSIM: Retval memory: 32MB
# 
acom -O3 -e 100 -work ALU -2002  $dsn/src/alu_tb.vhd
# Warning: DAGGEN_0523: The source is compiled without the -dbg switch. Line breakpoints and assertion debug will not be available.
# File: B:/Stony Brook/ESE345/4_stage_multi/ALU_Workspace/ALU/src/alu_tb.vhd
# Compile Entity "alu_tb"
# Compile Architecture "tb" of Entity "alu_tb"
# Compile success 0 Errors 0 Warnings  Analysis time :  31.0 [ms]
# ELBREAD: Elaboration process.
# ELBREAD: Elaboration time 0.0 [s].
# KERNEL: Main thread initiated.
# KERNEL: Kernel process initialization phase.
# ELAB2: Elaboration final pass...
# ELAB2: Create instances ...
# KERNEL: Time resolution set to 1ps.
# ELAB2: Create instances complete.
# SLP: Started
# SLP: Elaboration phase ...
# SLP: Elaboration phase ... skipped, nothing to simulate in SLP mode : 0.0 [s]
# SLP: Finished : 0.0 [s]
# ELAB2: Elaboration final pass complete - time: 0.0 [s].
# KERNEL: Warning: You are using the Active-HDL Student Edition. The performance of simulation is running at a reduced rate.
# KERNEL: Warning: Contact Aldec for available upgrade options - sales@aldec.com.
# KERNEL: Kernel process initialization done.
# Allocation: Simulator allocated 5619 kB (elbread=427 elab2=5052 kernel=139 sdf=0)
# KERNEL: ASDB file was created in location B:\Stony Brook\ESE345\4_stage_multi\ALU_Workspace\ALU\src\wave.asdb
#  5:55 PM, Sunday, October 30, 2022
#  Simulation has been initialized
# Waveform file 'untitled.awc' connected to 'B:/Stony Brook/ESE345/4_stage_multi/ALU_Workspace/ALU/src/wave.asdb'.
run
# RUNTIME: Info: RUNTIME_0142 alu_tb.vhd (199): finish called.
# KERNEL: Time: 90 us,  Iteration: 0,  Instance: /alu_tb,  Process: line__19.
# KERNEL: stopped at time: 90 us
# VSIM: Simulation has finished. There are no more test vectors to simulate.
endsim
# VSIM: Simulation has finished.
