Active-HDL 13.0.376.8320 2022-11-26 16:15:05

Elaboration top modules:
Architecture                  tb(four_multi_media_alu_tb)


----------------------------------------------------------------------------------------------------------------
Entity                  | Architecture | Library       | Info | Compiler Version          | Compilation Options
----------------------------------------------------------------------------------------------------------------
four_multi_media_alu_tb | tb           | register_file |      | 13.0.376.8320 (Windows64) | -O3
instruction_buffer      | behaviorhal  | register_file |      | 13.0.376.8320 (Windows64) | -O3
IF_ID                   | behavioral   | register_file |      | 13.0.376.8320 (Windows64) | -O3
register_file           | behaviorhal  | register_file |      | 13.0.376.8320 (Windows64) | -O3
----------------------------------------------------------------------------------------------------------------

----------------------------------------------------------------------------------------------------------------
VHDL Package                           | Library       | Info | Compiler Version          | Compilation Options
----------------------------------------------------------------------------------------------------------------
standard                               | std           |      |                           | <unavailable>
TEXTIO                                 | std           |      | 13.0.376.8320 (Windows64) |  -2019
std_logic_1164                         | ieee          |      | 13.0.376.8320 (Windows64) |  -2008
NUMERIC_STD                            | ieee          |      | 13.0.376.8320 (Windows64) |  -2008
instr_pack                             | register_file |      | 13.0.376.8320 (Windows64) | -O3
STD_LOGIC_TEXTIO                       | ieee          |      | 13.0.376.8320 (Windows64) | <unavailable>
std_logic_arith                        | ieee          |      | 13.0.376.8320 (Windows64) | <unavailable>
STD_LOGIC_UNSIGNED                     | ieee          |      | 13.0.376.8320 (Windows64) | <unavailable>
regfile_pack                           | register_file |      | 13.0.376.8320 (Windows64) | -O3
----------------------------------------------------------------------------------------------------------------

----------------------------------------------------------------------------------------------------------------
Library                                | Comment
----------------------------------------------------------------------------------------------------------------
ieee                                   | Standard IEEE packages library
register_file                          | None
std                                    | Standard VHDL library
----------------------------------------------------------------------------------------------------------------
